<?xml version="1.0" encoding="UTF-8"?>
<!-- Generated by org.testng.reporters.JUnitReportReporter -->
<testsuite hostname="DESKTOP-RKHS2QR" failures="0" tests="1" name="testSuite1.Module1" time="0.079" errors="0" timestamp="2024-11-11T12:37:10 EST" skipped="0">
  <testcase classname="testSuite1.Module1" name="test001" time="0.079"/>
  <system-out/>
</testsuite> <!-- testSuite1.Module1 -->
