<?xml version="1.0" encoding="UTF-8"?>
<!-- Generated by org.testng.reporters.JUnitReportReporter -->
<testsuite hostname="DESKTOP-RKHS2QR" failures="0" tests="2" name="testSuite1.Module2" time="0.007" errors="0" timestamp="2024-11-11T12:37:10 EST" skipped="0">
  <testcase classname="testSuite1.Module2" name="test002" time="0.003"/>
  <system-out/>
  <testcase classname="testSuite1.Module2" name="test001" time="0.004"/>
  <system-out/>
</testsuite> <!-- testSuite1.Module2 -->
