<?xml version="1.0" encoding="UTF-8"?>
<!-- Generated by org.testng.reporters.JUnitReportReporter -->
<testsuite hostname="DESKTOP-RKHS2QR" failures="0" tests="1" name="testSuite1.Module1" time="0.024" errors="0" timestamp="2024-11-01T12:27:01 EDT" skipped="0">
  <testcase classname="testSuite1.Module1" name="test001" time="0.024"/>
  <system-out/>
</testsuite> <!-- testSuite1.Module1 -->
