<?xml version="1.0" encoding="UTF-8"?>
<!-- Generated by org.testng.reporters.JUnitReportReporter -->
<testsuite hostname="DESKTOP-RKHS2QR" failures="0" tests="3" name="dstestcases.LoggerTest" time="0.344" errors="0" timestamp="2024-11-01T19:37:25 EDT" skipped="0">
  <testcase classname="dstestcases.LoggerTest" name="testInfo" time="0.001"/>
  <system-out/>
  <testcase classname="dstestcases.LoggerTest" name="testWarn" time="0.002"/>
  <system-out/>
  <testcase classname="dstestcases.LoggerTest" name="testError" time="0.341"/>
  <system-out/>
</testsuite> <!-- dstestcases.LoggerTest -->
