<?xml version="1.0" encoding="UTF-8"?>
<!-- Generated by org.testng.reporters.JUnitReportReporter -->
<testsuite hostname="DESKTOP-RKHS2QR" failures="0" tests="1" name="testSuite1.Module1" time="0.010" errors="0" timestamp="2024-10-30T21:32:28 EDT" skipped="0">
  <testcase classname="testSuite1.Module1" name="test001" time="0.010"/>
</testsuite> <!-- testSuite1.Module1 -->
