<?xml version="1.0" encoding="UTF-8"?>
<!-- Generated by org.testng.reporters.JUnitReportReporter -->
<testsuite hostname="DESKTOP-RKHS2QR" failures="0" tests="2" name="testSuite1.Module2" time="0.002" errors="0" timestamp="2024-10-30T21:32:28 EDT" skipped="0">
  <testcase classname="testSuite1.Module2" name="test001" time="0.001"/>
  <testcase classname="testSuite1.Module2" name="test002" time="0.001"/>
</testsuite> <!-- testSuite1.Module2 -->
